<?xml version="1.0" encoding="UTF-8"?>
<!-- Generated by org.testng.reporters.JUnitReportReporter -->
<testsuite hostname="Pradeep" failures="0" tests="1" name="Reports.ExtentReportsTest" time="0.702" errors="0" timestamp="2025-05-21T15:33:21 IST" skipped="0">
  <testcase classname="Reports.ExtentReportsTest" name="reportTest" time="0.702"/>
</testsuite> <!-- Reports.ExtentReportsTest -->
