<?xml version="1.0" encoding="UTF-8"?>
<!-- Generated by org.testng.reporters.JUnitReportReporter -->
<testsuite hostname="Pradeep" failures="0" tests="1" name="practice.expandtesting.BrokenImage" time="36.465" errors="0" timestamp="2025-05-16T13:45:57 IST" skipped="0">
  <testcase classname="practice.expandtesting.BrokenImage" name="setUp" time="36.465"/>
</testsuite> <!-- practice.expandtesting.BrokenImage -->
